<?xml version="1.0" encoding="UTF-8"?>
<testsuites name="MakeAnAppointment" time="26.203" tests="2" failures="0" errors="0">
   <testsuite name="MakeAnAppointment" tests="2" failures="0" errors="0" time="26.203" skipped="0" timestamp="24-04-2024T13:13:49" hostname="momoussaoui - CAW2107151.ca.deloitte.com" id="Test Suites/MakeAnAppointment">
      <properties>
         <property name="deviceName" value=""/>
         <property name="devicePlatform" value=""/>
         <property name="logFolder" value="C:\\Users\\momoussaoui@deloitte.ca\\git\\Katalon-poc\\Reports\\20240424_131339\\MakeAnAppointment\\20240424_131339"/>
         <property name="logFiles" value="C:\\Users\\momoussaoui@deloitte.ca\\git\\Katalon-poc\\Reports\\20240424_131339\\MakeAnAppointment\\20240424_131339\\execution0.log"/>
         <property name="attachments" value=""/>
         <property name="hostName" value="momoussaoui - CAW2107151.ca.deloitte.com"/>
         <property name="os" value="Windows 10 64bit"/>
         <property name="katalonVersion" value="9.4.0.212"/>
         <property name="browser" value="Chrome 124.0.0.0"/>
         <property name="hostAddress" value="192.168.138.2"/>
         <property name="sessionId" value="19353f3dedcc7e1834bc4dcbee4e1074"/>
         <property name="seleniumVersion" value="3.141.59"/>
         <property name="proxyInformation" value="ProxyInformation { proxyOption=NO_PROXY, proxyServerType=HTTP, username=, password=********, proxyServerAddress=, proxyServerPort=0, executionList=&quot;&quot;, isApplyToDesiredCapabilities=true }"/>
         <property name="platform" value="Windows 10"/>
      </properties>
      <testcase name="Test Cases/Web_tests/MakeAnAppointment" time="9.758" classname="Test Cases/Web_tests/MakeAnAppointment" status="PASSED">
         <system-out><![CDATA[24-04-2024T13:13:49 - [TEST_CASE][PASSED] - Test Cases/Web_tests/MakeAnAppointment: Test Cases/Web_tests/MakeAnAppointment

24-04-2024T13:13:49 - [TEST_STEP][PASSED] - example.MyKeyWords.AppLogin(): example.MyKeyWords.AppLogin is PASSED

24-04-2024T13:13:49 - [MESSAGE][INFO] - Starting 'Chrome' driver

24-04-2024T13:13:49 - [MESSAGE][INFO] - Action delay is set to 0 milliseconds

24-04-2024T13:13:52 - [MESSAGE][PASSED] - Browser is opened with url: ''

24-04-2024T13:13:53 - [MESSAGE][PASSED] - Navigate to 'https://katalon-demo-cura.herokuapp.com/' successfully

24-04-2024T13:13:54 - [MESSAGE][PASSED] - Object: 'Object Repository/Page_CURA Healthcare Service/a_Make Appointment' is clicked on

24-04-2024T13:13:54 - [MESSAGE][PASSED] - Text 'John Doe' is set on object 'Object Repository/Page_CURA Healthcare Service/input_Username_username'

24-04-2024T13:13:55 - [MESSAGE][PASSED] - Text ****** has been set on object 'Object Repository/Page_CURA Healthcare Service/input_Password_password'

24-04-2024T13:13:55 - [MESSAGE][PASSED] - Object: 'Object Repository/Page_CURA Healthcare Service/button_Login' is clicked on

24-04-2024T13:13:55 - [MESSAGE][PASSED] - example.MyKeyWords.AppLogin is PASSED

24-04-2024T13:13:55 - [TEST_STEP][PASSED] - click(findTestObject("Object Repository/Page_CURA Healthcare Service/div_Visit Date (Required)_input-group-addon")): Object: 'Object Repository/Page_CURA Healthcare Service/div_Visit Date (Required)_input-group-addon' is clicked on

24-04-2024T13:13:56 - [MESSAGE][PASSED] - Object: 'Object Repository/Page_CURA Healthcare Service/div_Visit Date (Required)_input-group-addon' is clicked on

24-04-2024T13:13:56 - [TEST_STEP][PASSED] - click(findTestObject("Object Repository/Page_CURA Healthcare Service/td_29")): Object: 'Object Repository/Page_CURA Healthcare Service/td_29' is clicked on

24-04-2024T13:13:56 - [MESSAGE][PASSED] - Object: 'Object Repository/Page_CURA Healthcare Service/td_29' is clicked on

24-04-2024T13:13:56 - [TEST_STEP][PASSED] - setText(findTestObject("Object Repository/Page_CURA Healthcare Service/textarea_Comment_comment"), "rdv"): Text 'rdv' is set on object 'Object Repository/Page_CURA Healthcare Service/textarea_Comment_comment'

24-04-2024T13:13:57 - [MESSAGE][PASSED] - Text 'rdv' is set on object 'Object Repository/Page_CURA Healthcare Service/textarea_Comment_comment'

24-04-2024T13:13:57 - [TEST_STEP][PASSED] - click(findTestObject("Object Repository/Page_CURA Healthcare Service/button_Book Appointment")): Object: 'Object Repository/Page_CURA Healthcare Service/button_Book Appointment' is clicked on

24-04-2024T13:13:57 - [MESSAGE][PASSED] - Object: 'Object Repository/Page_CURA Healthcare Service/button_Book Appointment' is clicked on

24-04-2024T13:13:57 - [TEST_STEP][PASSED] - click(findTestObject("Object Repository/Page_CURA Healthcare Service/p_rdv")): Object: 'Object Repository/Page_CURA Healthcare Service/p_rdv' is clicked on

24-04-2024T13:13:58 - [MESSAGE][PASSED] - Object: 'Object Repository/Page_CURA Healthcare Service/p_rdv' is clicked on

24-04-2024T13:13:58 - [TEST_STEP][PASSED] - verifyElementVisible(findTestObject("Object Repository/Page_CURA Healthcare Service/p_Medicare")): Object 'Object Repository/Page_CURA Healthcare Service/p_Medicare' is visible

24-04-2024T13:13:58 - [MESSAGE][PASSED] - Object 'Object Repository/Page_CURA Healthcare Service/p_Medicare' is visible

24-04-2024T13:13:58 - [TEST_STEP][PASSED] - closeBrowser(): Browser is closed

24-04-2024T13:13:58 - [MESSAGE][PASSED] - Browser is closed]]></system-out>
         <system-err><![CDATA[]]></system-err>
      </testcase>
      <testcase name="Test Cases/Web_tests/Loop" time="16.239" classname="Test Cases/Web_tests/Loop" status="PASSED">
         <system-out><![CDATA[24-04-2024T13:13:58 - [TEST_CASE][PASSED] - Test Cases/Web_tests/Loop: Test Cases/Web_tests/Loop

24-04-2024T13:13:59 - [TEST_STEP][PASSED] - example.MyKeyWords.AppLogin(): example.MyKeyWords.AppLogin is PASSED

24-04-2024T13:13:59 - [MESSAGE][INFO] - Starting 'Chrome' driver

24-04-2024T13:13:59 - [MESSAGE][INFO] - Action delay is set to 0 milliseconds

24-04-2024T13:14:01 - [MESSAGE][PASSED] - Browser is opened with url: ''

24-04-2024T13:14:01 - [MESSAGE][PASSED] - Navigate to 'https://katalon-demo-cura.herokuapp.com/' successfully

24-04-2024T13:14:02 - [MESSAGE][PASSED] - Object: 'Object Repository/Page_CURA Healthcare Service/a_Make Appointment' is clicked on

24-04-2024T13:14:03 - [MESSAGE][PASSED] - Text 'John Doe' is set on object 'Object Repository/Page_CURA Healthcare Service/input_Username_username'

24-04-2024T13:14:03 - [MESSAGE][PASSED] - Text ****** has been set on object 'Object Repository/Page_CURA Healthcare Service/input_Password_password'

24-04-2024T13:14:03 - [MESSAGE][PASSED] - Object: 'Object Repository/Page_CURA Healthcare Service/button_Login' is clicked on

24-04-2024T13:14:03 - [MESSAGE][PASSED] - example.MyKeyWords.AppLogin is PASSED

24-04-2024T13:14:03 - [TEST_STEP][PASSED] - for (def n : (0..2)): Object: 'Object Repository/Page_CURA Healthcare Service/p_Go to Homepage' is clicked on

24-04-2024T13:14:03 - [TEST_STEP][PASSED] - if (n == 0): Object: 'Object Repository/Page_CURA Healthcare Service/label_Medicaid' is clicked on

24-04-2024T13:14:03 - [TEST_STEP][PASSED] - click(findTestObject("Page_CURA Healthcare Service/label_Medicaid")): Object: 'Object Repository/Page_CURA Healthcare Service/label_Medicaid' is clicked on

24-04-2024T13:14:04 - [MESSAGE][PASSED] - Object: 'Object Repository/Page_CURA Healthcare Service/label_Medicaid' is clicked on

24-04-2024T13:14:04 - [TEST_STEP][PASSED] - click(findTestObject("Object Repository/Page_CURA Healthcare Service/div_Visit Date (Required)_input-group-addon")): Object: 'Object Repository/Page_CURA Healthcare Service/div_Visit Date (Required)_input-group-addon' is clicked on

24-04-2024T13:14:04 - [MESSAGE][PASSED] - Object: 'Object Repository/Page_CURA Healthcare Service/div_Visit Date (Required)_input-group-addon' is clicked on

24-04-2024T13:14:04 - [TEST_STEP][PASSED] - click(findTestObject("Object Repository/Page_CURA Healthcare Service/td_29")): Object: 'Object Repository/Page_CURA Healthcare Service/td_29' is clicked on

24-04-2024T13:14:05 - [MESSAGE][PASSED] - Object: 'Object Repository/Page_CURA Healthcare Service/td_29' is clicked on

24-04-2024T13:14:05 - [TEST_STEP][PASSED] - setText(findTestObject("Object Repository/Page_CURA Healthcare Service/textarea_Comment_comment"), "rdv"): Text 'rdv' is set on object 'Object Repository/Page_CURA Healthcare Service/textarea_Comment_comment'

24-04-2024T13:14:06 - [MESSAGE][PASSED] - Text 'rdv' is set on object 'Object Repository/Page_CURA Healthcare Service/textarea_Comment_comment'

24-04-2024T13:14:06 - [TEST_STEP][PASSED] - click(findTestObject("Object Repository/Page_CURA Healthcare Service/button_Book Appointment")): Object: 'Object Repository/Page_CURA Healthcare Service/button_Book Appointment' is clicked on

24-04-2024T13:14:06 - [MESSAGE][PASSED] - Object: 'Object Repository/Page_CURA Healthcare Service/button_Book Appointment' is clicked on

24-04-2024T13:14:06 - [TEST_STEP][PASSED] - click(findTestObject("Object Repository/Page_CURA Healthcare Service/p_rdv")): Object: 'Object Repository/Page_CURA Healthcare Service/p_rdv' is clicked on

24-04-2024T13:14:07 - [MESSAGE][PASSED] - Object: 'Object Repository/Page_CURA Healthcare Service/p_rdv' is clicked on

24-04-2024T13:14:07 - [TEST_STEP][PASSED] - verifyElementVisible(findTestObject("Object Repository/Page_CURA Healthcare Service/p_Medicare")): Object 'Object Repository/Page_CURA Healthcare Service/p_Medicare' is visible

24-04-2024T13:14:07 - [MESSAGE][PASSED] - Object 'Object Repository/Page_CURA Healthcare Service/p_Medicare' is visible

24-04-2024T13:14:07 - [TEST_STEP][PASSED] - click(findTestObject("Page_CURA Healthcare Service/p_Go to Homepage")): Object: 'Object Repository/Page_CURA Healthcare Service/p_Go to Homepage' is clicked on

24-04-2024T13:14:07 - [MESSAGE][PASSED] - Object: 'Object Repository/Page_CURA Healthcare Service/p_Go to Homepage' is clicked on

24-04-2024T13:14:07 - [TEST_STEP][PASSED] - if (n == 0): null

24-04-2024T13:14:07 - [TEST_STEP][PASSED] - else if (n == 1): Object: 'Object Repository/Page_CURA Healthcare Service/label_Medicare' is clicked on

24-04-2024T13:14:07 - [TEST_STEP][PASSED] - click(findTestObject("Page_CURA Healthcare Service/label_Medicare")): Object: 'Object Repository/Page_CURA Healthcare Service/label_Medicare' is clicked on

24-04-2024T13:14:08 - [MESSAGE][PASSED] - Object: 'Object Repository/Page_CURA Healthcare Service/label_Medicare' is clicked on

24-04-2024T13:14:08 - [TEST_STEP][PASSED] - click(findTestObject("Object Repository/Page_CURA Healthcare Service/div_Visit Date (Required)_input-group-addon")): Object: 'Object Repository/Page_CURA Healthcare Service/div_Visit Date (Required)_input-group-addon' is clicked on

24-04-2024T13:14:08 - [MESSAGE][PASSED] - Object: 'Object Repository/Page_CURA Healthcare Service/div_Visit Date (Required)_input-group-addon' is clicked on

24-04-2024T13:14:08 - [TEST_STEP][PASSED] - click(findTestObject("Object Repository/Page_CURA Healthcare Service/td_29")): Object: 'Object Repository/Page_CURA Healthcare Service/td_29' is clicked on

24-04-2024T13:14:08 - [MESSAGE][PASSED] - Object: 'Object Repository/Page_CURA Healthcare Service/td_29' is clicked on

24-04-2024T13:14:08 - [TEST_STEP][PASSED] - setText(findTestObject("Object Repository/Page_CURA Healthcare Service/textarea_Comment_comment"), "rdv"): Text 'rdv' is set on object 'Object Repository/Page_CURA Healthcare Service/textarea_Comment_comment'

24-04-2024T13:14:09 - [MESSAGE][PASSED] - Text 'rdv' is set on object 'Object Repository/Page_CURA Healthcare Service/textarea_Comment_comment'

24-04-2024T13:14:09 - [TEST_STEP][PASSED] - click(findTestObject("Object Repository/Page_CURA Healthcare Service/button_Book Appointment")): Object: 'Object Repository/Page_CURA Healthcare Service/button_Book Appointment' is clicked on

24-04-2024T13:14:10 - [MESSAGE][PASSED] - Object: 'Object Repository/Page_CURA Healthcare Service/button_Book Appointment' is clicked on

24-04-2024T13:14:10 - [TEST_STEP][PASSED] - click(findTestObject("Object Repository/Page_CURA Healthcare Service/p_rdv")): Object: 'Object Repository/Page_CURA Healthcare Service/p_rdv' is clicked on

24-04-2024T13:14:10 - [MESSAGE][PASSED] - Object: 'Object Repository/Page_CURA Healthcare Service/p_rdv' is clicked on

24-04-2024T13:14:10 - [TEST_STEP][PASSED] - verifyElementVisible(findTestObject("Object Repository/Page_CURA Healthcare Service/p_Medicare")): Object 'Object Repository/Page_CURA Healthcare Service/p_Medicare' is visible

24-04-2024T13:14:10 - [MESSAGE][PASSED] - Object 'Object Repository/Page_CURA Healthcare Service/p_Medicare' is visible

24-04-2024T13:14:10 - [TEST_STEP][PASSED] - click(findTestObject("Page_CURA Healthcare Service/p_Go to Homepage")): Object: 'Object Repository/Page_CURA Healthcare Service/p_Go to Homepage' is clicked on

24-04-2024T13:14:11 - [MESSAGE][PASSED] - Object: 'Object Repository/Page_CURA Healthcare Service/p_Go to Homepage' is clicked on

24-04-2024T13:14:11 - [TEST_STEP][PASSED] - if (n == 0): null

24-04-2024T13:14:11 - [TEST_STEP][PASSED] - else if (n == 1): null

24-04-2024T13:14:11 - [TEST_STEP][PASSED] - else: Object: 'Object Repository/Page_CURA Healthcare Service/label_None' is clicked on

24-04-2024T13:14:11 - [TEST_STEP][PASSED] - click(findTestObject("Page_CURA Healthcare Service/label_None")): Object: 'Object Repository/Page_CURA Healthcare Service/label_None' is clicked on

24-04-2024T13:14:11 - [MESSAGE][PASSED] - Object: 'Object Repository/Page_CURA Healthcare Service/label_None' is clicked on

24-04-2024T13:14:11 - [TEST_STEP][PASSED] - click(findTestObject("Object Repository/Page_CURA Healthcare Service/div_Visit Date (Required)_input-group-addon")): Object: 'Object Repository/Page_CURA Healthcare Service/div_Visit Date (Required)_input-group-addon' is clicked on

24-04-2024T13:14:11 - [MESSAGE][PASSED] - Object: 'Object Repository/Page_CURA Healthcare Service/div_Visit Date (Required)_input-group-addon' is clicked on

24-04-2024T13:14:11 - [TEST_STEP][PASSED] - click(findTestObject("Object Repository/Page_CURA Healthcare Service/td_29")): Object: 'Object Repository/Page_CURA Healthcare Service/td_29' is clicked on

24-04-2024T13:14:12 - [MESSAGE][PASSED] - Object: 'Object Repository/Page_CURA Healthcare Service/td_29' is clicked on

24-04-2024T13:14:12 - [TEST_STEP][PASSED] - setText(findTestObject("Object Repository/Page_CURA Healthcare Service/textarea_Comment_comment"), "rdv"): Text 'rdv' is set on object 'Object Repository/Page_CURA Healthcare Service/textarea_Comment_comment'

24-04-2024T13:14:13 - [MESSAGE][PASSED] - Text 'rdv' is set on object 'Object Repository/Page_CURA Healthcare Service/textarea_Comment_comment'

24-04-2024T13:14:13 - [TEST_STEP][PASSED] - click(findTestObject("Object Repository/Page_CURA Healthcare Service/button_Book Appointment")): Object: 'Object Repository/Page_CURA Healthcare Service/button_Book Appointment' is clicked on

24-04-2024T13:14:13 - [MESSAGE][PASSED] - Object: 'Object Repository/Page_CURA Healthcare Service/button_Book Appointment' is clicked on

24-04-2024T13:14:13 - [TEST_STEP][PASSED] - click(findTestObject("Object Repository/Page_CURA Healthcare Service/p_rdv")): Object: 'Object Repository/Page_CURA Healthcare Service/p_rdv' is clicked on

24-04-2024T13:14:14 - [MESSAGE][PASSED] - Object: 'Object Repository/Page_CURA Healthcare Service/p_rdv' is clicked on

24-04-2024T13:14:14 - [TEST_STEP][PASSED] - verifyElementVisible(findTestObject("Object Repository/Page_CURA Healthcare Service/p_Medicare")): Object 'Object Repository/Page_CURA Healthcare Service/p_Medicare' is visible

24-04-2024T13:14:14 - [MESSAGE][PASSED] - Object 'Object Repository/Page_CURA Healthcare Service/p_Medicare' is visible

24-04-2024T13:14:14 - [TEST_STEP][PASSED] - click(findTestObject("Page_CURA Healthcare Service/p_Go to Homepage")): Object: 'Object Repository/Page_CURA Healthcare Service/p_Go to Homepage' is clicked on

24-04-2024T13:14:14 - [MESSAGE][PASSED] - Object: 'Object Repository/Page_CURA Healthcare Service/p_Go to Homepage' is clicked on

24-04-2024T13:14:14 - [TEST_STEP][PASSED] - closeBrowser(): Browser is closed

24-04-2024T13:14:15 - [MESSAGE][PASSED] - Browser is closed]]></system-out>
         <system-err><![CDATA[]]></system-err>
      </testcase>
      <system-out><![CDATA[24-04-2024T13:13:49 - [TEST_SUITE][PASSED] - MakeAnAppointment: Test Cases/Web_tests/Loop]]></system-out>
      <system-err><![CDATA[]]></system-err>
   </testsuite>
</testsuites>
