<?xml version="1.0" encoding="UTF-8"?>
<testsuites name="Login" time="187.8" tests="3" failures="0" errors="0">
   <testsuite name="Login" tests="3" failures="0" errors="0" time="187.8" skipped="0" timestamp="10-05-2024T17:40:21" hostname="momoussaoui - CAW2204108.ca.deloitte.com" id="Test Suites/Login">
      <properties>
         <property name="deviceName"/>
         <property name="devicePlatform" value="WINDOWS"/>
         <property name="logFolder" value="C:\\Users\\momoussaoui@deloitte.ca\\git\\Katalon-poc\\Reports\\20240510_174011\\Login\\20240510_174012"/>
         <property name="logFiles" value="C:\\Users\\momoussaoui@deloitte.ca\\git\\Katalon-poc\\Reports\\20240510_174011\\Login\\20240510_174012\\execution0.log"/>
         <property name="attachments" value=""/>
         <property name="hostName" value="momoussaoui - CAW2204108.ca.deloitte.com"/>
         <property name="remoteDriverUrl" value="testcloud.katalon.com/hub"/>
         <property name="desiredCapabilities" value="{&#xa;  &quot;timeouts&quot;: {&#xa;    &quot;implicit&quot;: 0,&#xa;    &quot;pageLoad&quot;: 300000,&#xa;    &quot;script&quot;: 30000&#xa;  },&#xa;  &quot;se:cdpEnabled&quot;: false,&#xa;  &quot;platform&quot;: &quot;WINDOWS&quot;,&#xa;  &quot;goog:chromeOptions&quot;: {&#xa;    &quot;debuggerAddress&quot;: &quot;localhost:9225&quot;&#xa;  },&#xa;  &quot;webauthn:extension:credBlob&quot;: true,&#xa;  &quot;acceptInsecureCerts&quot;: false,&#xa;  &quot;browserVersion&quot;: &quot;122.0.0.0&quot;,&#xa;  &quot;fedcm:accounts&quot;: true,&#xa;  &quot;kt:requestId&quot;: &quot;0732c56f-c4cb-4460-94d1-a3452bcb8a22&quot;,&#xa;  &quot;browserName&quot;: &quot;chrome&quot;,&#xa;  &quot;javascriptEnabled&quot;: true,&#xa;  &quot;katalon:option&quot;: {&#xa;    &quot;userId&quot;: 1008663,&#xa;    &quot;organizationId&quot;: &quot;134738&quot;,&#xa;    &quot;runFromTestCloud&quot;: true,&#xa;    &quot;usingTunnel&quot;: false&#xa;  },&#xa;  &quot;platformName&quot;: &quot;WINDOWS&quot;,&#xa;  &quot;setWindowRect&quot;: true,&#xa;  &quot;webauthn:extension:largeBlob&quot;: true,&#xa;  &quot;networkConnectionEnabled&quot;: false,&#xa;  &quot;chrome&quot;: {&#xa;    &quot;chromedriverVersion&quot;: &quot;122.0.6261.6 (294fa47bfa42226d7b32fdf1f0e56223ee875cf6-refs/branch-heads/6261@{#16})&quot;,&#xa;    &quot;userDataDir&quot;: &quot;C:\\Windows\\SystemTemp\\scoped_dir8932_596659441&quot;&#xa;  },&#xa;  &quot;kt:rid&quot;: &quot;0732c56f-c4cb-4460-94d1-a3452bcb8a22&quot;,&#xa;  &quot;pageLoadStrategy&quot;: &quot;normal&quot;,&#xa;  &quot;unhandledPromptBehavior&quot;: &quot;dismiss and notify&quot;,&#xa;  &quot;strictFileInteractability&quot;: false,&#xa;  &quot;***:loadExtension&quot;: [&#xa;    &quot;https://prod-magicleap-user-files-us-east-1-v1.s3.amazonaws.com/extensions/orgId-691279/SmartWait.zip&quot;&#xa;  ],&#xa;  &quot;se:bidiEnabled&quot;: false,&#xa;  &quot;proxy&quot;: {&#xa;    &quot;proxyType&quot;: &quot;UNSPECIFIED&quot;,&#xa;    &quot;autodetect&quot;: false&#xa;  },&#xa;  &quot;webauthn:extension:minPinLength&quot;: true,&#xa;  &quot;webauthn:extension:prf&quot;: true,&#xa;  &quot;webauthn:virtualAuthenticators&quot;: true&#xa;}"/>
         <property name="os" value="Windows 10 64bit"/>
         <property name="remoteOS" value="Windows"/>
         <property name="katalonVersion" value="9.4.0.212"/>
         <property name="browser" value="Chrome 122.0.0.0"/>
         <property name="hostAddress" value="10.0.0.214"/>
         <property name="sessionId" value="34dc9b6f70152bea31139d2fc8fc19d6"/>
         <property name="seleniumVersion" value="3.141.59"/>
         <property name="proxyInformation" value="ProxyInformation { proxyOption=NO_PROXY, proxyServerType=HTTP, username=, password=********, proxyServerAddress=, proxyServerPort=0, executionList=&quot;&quot;, isApplyToDesiredCapabilities=true }"/>
         <property name="platform" value="Windows 10"/>
      </properties>
      <testcase name="Test Cases/Web_tests/Login" time="65.197" classname="Test Cases/Web_tests/Login" status="PASSED">
         <system-out><![CDATA[10-05-2024T17:40:21 - [TEST_CASE][PASSED] - Test Cases/Web_tests/Login: Test Cases/Web_tests/Login

10-05-2024T17:40:22 - [TEST_STEP][PASSED] - openBrowser(""): Browser is opened with url: ''

10-05-2024T17:40:22 - [MESSAGE][INFO] - User set preference: ['os', 'windows']

10-05-2024T17:40:22 - [MESSAGE][INFO] - User set preference: ['browserName', 'chrome']

10-05-2024T17:40:22 - [MESSAGE][INFO] - User set preference: ['browserVersion', '122']

10-05-2024T17:40:22 - [MESSAGE][INFO] - User set preference: ['katalon:option', '{organizationId=134738, tunnelId=, usingTunnel=false}']

10-05-2024T17:40:22 - [MESSAGE][INFO] - Connecting to remote web server 'testcloud.katalon.com/hub' with type 'Selenium'

10-05-2024T17:40:22 - [MESSAGE][INFO] - Action delay is set to 0 milliseconds

10-05-2024T17:41:12 - [MESSAGE][PASSED] - Browser is opened with url: ''

10-05-2024T17:41:12 - [TEST_STEP][PASSED] - navigateToUrl("https://katalon-demo-cura.herokuapp.com/"): Navigate to 'https://katalon-demo-cura.herokuapp.com/' successfully

10-05-2024T17:41:13 - [MESSAGE][PASSED] - Navigate to 'https://katalon-demo-cura.herokuapp.com/' successfully

10-05-2024T17:41:13 - [TEST_STEP][PASSED] - click(findTestObject("Object Repository/Page_CURA Healthcare Service/a_Make Appointment")): Object: 'Object Repository/Page_CURA Healthcare Service/a_Make Appointment' is clicked on

10-05-2024T17:41:15 - [MESSAGE][PASSED] - Object: 'Object Repository/Page_CURA Healthcare Service/a_Make Appointment' is clicked on

10-05-2024T17:41:15 - [TEST_STEP][PASSED] - setText(findTestObject("Object Repository/Page_CURA Healthcare Service/input_Username_username"), "John Doe"): Text 'John Doe' is set on object 'Object Repository/Page_CURA Healthcare Service/input_Username_username'

10-05-2024T17:41:18 - [MESSAGE][PASSED] - Text 'John Doe' is set on object 'Object Repository/Page_CURA Healthcare Service/input_Username_username'

10-05-2024T17:41:18 - [TEST_STEP][PASSED] - setEncryptedText(findTestObject("Object Repository/Page_CURA Healthcare Service/input_Password_password"), "g3/DOGG74jC3Flrr3yH+3D/yKbOqqUNM"): Text ****** has been set on object 'Object Repository/Page_CURA Healthcare Service/input_Password_password'

10-05-2024T17:41:20 - [MESSAGE][PASSED] - Text ****** has been set on object 'Object Repository/Page_CURA Healthcare Service/input_Password_password'

10-05-2024T17:41:20 - [TEST_STEP][PASSED] - click(findTestObject("Object Repository/Page_CURA Healthcare Service/button_Login")): Object: 'Object Repository/Page_CURA Healthcare Service/button_Login' is clicked on

10-05-2024T17:41:22 - [MESSAGE][PASSED] - Object: 'Object Repository/Page_CURA Healthcare Service/button_Login' is clicked on

10-05-2024T17:41:22 - [TEST_STEP][PASSED] - click(findTestObject("Object Repository/Page_CURA Healthcare Service/h2_Make Appointment")): Object: 'Object Repository/Page_CURA Healthcare Service/h2_Make Appointment' is clicked on

10-05-2024T17:41:24 - [MESSAGE][PASSED] - Object: 'Object Repository/Page_CURA Healthcare Service/h2_Make Appointment' is clicked on

10-05-2024T17:41:24 - [TEST_STEP][PASSED] - verifyElementVisible(findTestObject("Object Repository/Page_CURA Healthcare Service/h2_Make Appointment")): Object 'Object Repository/Page_CURA Healthcare Service/h2_Make Appointment' is visible

10-05-2024T17:41:25 - [MESSAGE][PASSED] - Object 'Object Repository/Page_CURA Healthcare Service/h2_Make Appointment' is visible

10-05-2024T17:41:25 - [TEST_STEP][PASSED] - closeBrowser(): Browser is closed

10-05-2024T17:41:26 - [MESSAGE][PASSED] - Browser is closed]]></system-out>
         <system-err><![CDATA[]]></system-err>
      </testcase>
      <testcase name="Test Cases/Web_tests/LoginFail_Pwd" time="77.417" classname="Test Cases/Web_tests/LoginFail_Pwd" status="PASSED">
         <system-out><![CDATA[10-05-2024T17:41:26 - [TEST_CASE][PASSED] - Test Cases/Web_tests/LoginFail_Pwd: Test Cases/Web_tests/LoginFail_Pwd

10-05-2024T17:41:26 - [TEST_STEP][PASSED] - openBrowser(""): Browser is opened with url: ''

10-05-2024T17:41:26 - [MESSAGE][INFO] - User set preference: ['os', 'windows']

10-05-2024T17:41:26 - [MESSAGE][INFO] - User set preference: ['browserName', 'chrome']

10-05-2024T17:41:26 - [MESSAGE][INFO] - User set preference: ['browserVersion', '122']

10-05-2024T17:41:26 - [MESSAGE][INFO] - User set preference: ['katalon:option', '{organizationId=134738, tunnelId=, usingTunnel=false}']

10-05-2024T17:41:26 - [MESSAGE][INFO] - Connecting to remote web server 'testcloud.katalon.com/hub' with type 'Selenium'

10-05-2024T17:41:26 - [MESSAGE][INFO] - Action delay is set to 0 milliseconds

10-05-2024T17:42:30 - [MESSAGE][PASSED] - Browser is opened with url: ''

10-05-2024T17:42:30 - [TEST_STEP][PASSED] - navigateToUrl("https://katalon-demo-cura.herokuapp.com/"): Navigate to 'https://katalon-demo-cura.herokuapp.com/' successfully

10-05-2024T17:42:31 - [MESSAGE][PASSED] - Navigate to 'https://katalon-demo-cura.herokuapp.com/' successfully

10-05-2024T17:42:31 - [TEST_STEP][PASSED] - click(findTestObject("Object Repository/Page_CURA Healthcare Service/a_Make Appointment")): Object: 'Object Repository/Page_CURA Healthcare Service/a_Make Appointment' is clicked on

10-05-2024T17:42:33 - [MESSAGE][PASSED] - Object: 'Object Repository/Page_CURA Healthcare Service/a_Make Appointment' is clicked on

10-05-2024T17:42:33 - [TEST_STEP][PASSED] - setText(findTestObject("Object Repository/Page_CURA Healthcare Service/input_Username_username"), "John Doe"): Text 'John Doe' is set on object 'Object Repository/Page_CURA Healthcare Service/input_Username_username'

10-05-2024T17:42:35 - [MESSAGE][PASSED] - Text 'John Doe' is set on object 'Object Repository/Page_CURA Healthcare Service/input_Username_username'

10-05-2024T17:42:35 - [TEST_STEP][PASSED] - setEncryptedText(findTestObject("Object Repository/Page_CURA Healthcare Service/input_Password_password"), "b/98lgFmTtuLvynNFOQHnA=="): Text ****** has been set on object 'Object Repository/Page_CURA Healthcare Service/input_Password_password'

10-05-2024T17:42:37 - [MESSAGE][PASSED] - Text ****** has been set on object 'Object Repository/Page_CURA Healthcare Service/input_Password_password'

10-05-2024T17:42:37 - [TEST_STEP][PASSED] - click(findTestObject("Object Repository/Page_CURA Healthcare Service/button_Login")): Object: 'Object Repository/Page_CURA Healthcare Service/button_Login' is clicked on

10-05-2024T17:42:39 - [MESSAGE][PASSED] - Object: 'Object Repository/Page_CURA Healthcare Service/button_Login' is clicked on

10-05-2024T17:42:39 - [TEST_STEP][PASSED] - click(findTestObject("Object Repository/Page_CURA Healthcare Service/div_Login                Please login to ma_d0c010")): Object: 'Object Repository/Page_CURA Healthcare Service/div_Login                Please login to ma_d0c010' is clicked on

10-05-2024T17:42:41 - [MESSAGE][PASSED] - Object: 'Object Repository/Page_CURA Healthcare Service/div_Login                Please login to ma_d0c010' is clicked on

10-05-2024T17:42:41 - [TEST_STEP][PASSED] - verifyElementVisible(findTestObject("Object Repository/Page_CURA Healthcare Service/p_Login failed Please ensure the username a_eb55b5")): Object 'Object Repository/Page_CURA Healthcare Service/p_Login failed Please ensure the username a_eb55b5' is visible

10-05-2024T17:42:43 - [MESSAGE][PASSED] - Object 'Object Repository/Page_CURA Healthcare Service/p_Login failed Please ensure the username a_eb55b5' is visible

10-05-2024T17:42:43 - [TEST_STEP][PASSED] - closeBrowser(): Browser is closed

10-05-2024T17:42:44 - [MESSAGE][PASSED] - Browser is closed]]></system-out>
         <system-err><![CDATA[]]></system-err>
      </testcase>
      <testcase name="Test Cases/Web_tests/LoginFail_User" time="44.961" classname="Test Cases/Web_tests/LoginFail_User" status="PASSED">
         <system-out><![CDATA[10-05-2024T17:42:44 - [TEST_CASE][PASSED] - Test Cases/Web_tests/LoginFail_User: Test Cases/Web_tests/LoginFail_User

10-05-2024T17:42:44 - [TEST_STEP][PASSED] - openBrowser(""): Browser is opened with url: ''

10-05-2024T17:42:44 - [MESSAGE][INFO] - User set preference: ['os', 'windows']

10-05-2024T17:42:44 - [MESSAGE][INFO] - User set preference: ['browserName', 'chrome']

10-05-2024T17:42:44 - [MESSAGE][INFO] - User set preference: ['browserVersion', '122']

10-05-2024T17:42:44 - [MESSAGE][INFO] - User set preference: ['katalon:option', '{organizationId=134738, tunnelId=, usingTunnel=false}']

10-05-2024T17:42:44 - [MESSAGE][INFO] - Connecting to remote web server 'testcloud.katalon.com/hub' with type 'Selenium'

10-05-2024T17:42:44 - [MESSAGE][INFO] - Action delay is set to 0 milliseconds

10-05-2024T17:43:15 - [MESSAGE][PASSED] - Browser is opened with url: ''

10-05-2024T17:43:15 - [TEST_STEP][PASSED] - navigateToUrl("https://katalon-demo-cura.herokuapp.com/"): Navigate to 'https://katalon-demo-cura.herokuapp.com/' successfully

10-05-2024T17:43:16 - [MESSAGE][PASSED] - Navigate to 'https://katalon-demo-cura.herokuapp.com/' successfully

10-05-2024T17:43:16 - [TEST_STEP][PASSED] - click(findTestObject("Object Repository/Page_CURA Healthcare Service/a_Make Appointment")): Object: 'Object Repository/Page_CURA Healthcare Service/a_Make Appointment' is clicked on

10-05-2024T17:43:18 - [MESSAGE][PASSED] - Object: 'Object Repository/Page_CURA Healthcare Service/a_Make Appointment' is clicked on

10-05-2024T17:43:18 - [TEST_STEP][PASSED] - setText(findTestObject("Object Repository/Page_CURA Healthcare Service/input_Username_username"), "mmo"): Text 'mmo' is set on object 'Object Repository/Page_CURA Healthcare Service/input_Username_username'

10-05-2024T17:43:20 - [MESSAGE][PASSED] - Text 'mmo' is set on object 'Object Repository/Page_CURA Healthcare Service/input_Username_username'

10-05-2024T17:43:20 - [TEST_STEP][PASSED] - setEncryptedText(findTestObject("Object Repository/Page_CURA Healthcare Service/input_Password_password"), "g3/DOGG74jC3Flrr3yH+3D/yKbOqqUNM"): Text ****** has been set on object 'Object Repository/Page_CURA Healthcare Service/input_Password_password'

10-05-2024T17:43:23 - [MESSAGE][PASSED] - Text ****** has been set on object 'Object Repository/Page_CURA Healthcare Service/input_Password_password'

10-05-2024T17:43:23 - [TEST_STEP][PASSED] - click(findTestObject("Object Repository/Page_CURA Healthcare Service/button_Login")): Object: 'Object Repository/Page_CURA Healthcare Service/button_Login' is clicked on

10-05-2024T17:43:25 - [MESSAGE][PASSED] - Object: 'Object Repository/Page_CURA Healthcare Service/button_Login' is clicked on

10-05-2024T17:43:25 - [TEST_STEP][PASSED] - click(findTestObject("Object Repository/Page_CURA Healthcare Service/p_Login failed Please ensure the username a_eb55b5")): Object: 'Object Repository/Page_CURA Healthcare Service/p_Login failed Please ensure the username a_eb55b5' is clicked on

10-05-2024T17:43:26 - [MESSAGE][PASSED] - Object: 'Object Repository/Page_CURA Healthcare Service/p_Login failed Please ensure the username a_eb55b5' is clicked on

10-05-2024T17:43:26 - [TEST_STEP][PASSED] - verifyElementVisible(findTestObject("Object Repository/Page_CURA Healthcare Service/p_Login failed Please ensure the username a_eb55b5")): Object 'Object Repository/Page_CURA Healthcare Service/p_Login failed Please ensure the username a_eb55b5' is visible

10-05-2024T17:43:28 - [MESSAGE][PASSED] - Object 'Object Repository/Page_CURA Healthcare Service/p_Login failed Please ensure the username a_eb55b5' is visible

10-05-2024T17:43:28 - [TEST_STEP][PASSED] - closeBrowser(): Browser is closed

10-05-2024T17:43:29 - [MESSAGE][PASSED] - Browser is closed]]></system-out>
         <system-err><![CDATA[]]></system-err>
      </testcase>
      <system-out><![CDATA[10-05-2024T17:40:21 - [TEST_SUITE][PASSED] - Login: Test Cases/Web_tests/LoginFail_User]]></system-out>
      <system-err><![CDATA[]]></system-err>
   </testsuite>
</testsuites>
