<?xml version="1.0" encoding="UTF-8"?>
<testsuites name="MakeAnAppointment" time="32.334" tests="2" failures="0" errors="0">
   <testsuite name="MakeAnAppointment" tests="2" failures="0" errors="0" time="32.334" skipped="0" timestamp="11-04-2024T16:11:02" hostname="momoussaoui - CAW2107151.ca.deloitte.com" id="Test Suites/MakeAnAppointment">
      <properties>
         <property name="deviceName" value=""/>
         <property name="devicePlatform" value=""/>
         <property name="logFolder" value="C:\\Users\\momoussaoui@deloitte.ca\\git\\Katalon-poc\\Reports\\20240411_161038\\MakeAnAppointment\\20240411_161052"/>
         <property name="logFiles" value="C:\\Users\\momoussaoui@deloitte.ca\\git\\Katalon-poc\\Reports\\20240411_161038\\MakeAnAppointment\\20240411_161052\\execution0.log"/>
         <property name="attachments" value=""/>
         <property name="hostName" value="momoussaoui - CAW2107151.ca.deloitte.com"/>
         <property name="os" value="Windows 10 64bit"/>
         <property name="katalonVersion" value="9.4.0.212"/>
         <property name="browser" value="Chrome 123.0.0.0"/>
         <property name="hostAddress" value="10.61.174.7"/>
         <property name="sessionId" value="33a4c890824ae721adafb4c698e16fa6"/>
         <property name="seleniumVersion" value="3.141.59"/>
         <property name="proxyInformation" value="ProxyInformation { proxyOption=NO_PROXY, proxyServerType=HTTP, username=, password=********, proxyServerAddress=, proxyServerPort=0, executionList=&quot;&quot;, isApplyToDesiredCapabilities=true }"/>
         <property name="platform" value="Windows 10"/>
      </properties>
      <testcase name="Test Cases/MakeAnAppointment" time="14.649" classname="Test Cases/MakeAnAppointment" status="PASSED">
         <system-out><![CDATA[11-04-2024T16:11:02 - [TEST_CASE][PASSED] - Test Cases/MakeAnAppointment: Test Cases/MakeAnAppointment

11-04-2024T16:11:03 - [TEST_STEP][PASSED] - example.MyKeyWords.AppLogin(): example.MyKeyWords.AppLogin is PASSED

11-04-2024T16:11:03 - [MESSAGE][INFO] - Starting 'Chrome' driver

11-04-2024T16:11:03 - [MESSAGE][INFO] - Action delay is set to 0 milliseconds

11-04-2024T16:11:09 - [MESSAGE][PASSED] - Browser is opened with url: ''

11-04-2024T16:11:10 - [MESSAGE][PASSED] - Navigate to 'https://katalon-demo-cura.herokuapp.com/' successfully

11-04-2024T16:11:11 - [MESSAGE][PASSED] - Object: 'Object Repository/Page_CURA Healthcare Service/a_Make Appointment' is clicked on

11-04-2024T16:11:12 - [MESSAGE][PASSED] - Text 'John Doe' is set on object 'Object Repository/Page_CURA Healthcare Service/input_Username_username'

11-04-2024T16:11:13 - [MESSAGE][PASSED] - Text ****** has been set on object 'Object Repository/Page_CURA Healthcare Service/input_Password_password'

11-04-2024T16:11:13 - [MESSAGE][PASSED] - Object: 'Object Repository/Page_CURA Healthcare Service/button_Login' is clicked on

11-04-2024T16:11:13 - [MESSAGE][PASSED] - example.MyKeyWords.AppLogin is PASSED

11-04-2024T16:11:13 - [TEST_STEP][PASSED] - click(findTestObject("Object Repository/Page_CURA Healthcare Service/div_Visit Date (Required)_input-group-addon")): Object: 'Object Repository/Page_CURA Healthcare Service/div_Visit Date (Required)_input-group-addon' is clicked on

11-04-2024T16:11:14 - [MESSAGE][PASSED] - Object: 'Object Repository/Page_CURA Healthcare Service/div_Visit Date (Required)_input-group-addon' is clicked on

11-04-2024T16:11:14 - [TEST_STEP][PASSED] - click(findTestObject("Object Repository/Page_CURA Healthcare Service/td_29")): Object: 'Object Repository/Page_CURA Healthcare Service/td_29' is clicked on

11-04-2024T16:11:14 - [MESSAGE][PASSED] - Object: 'Object Repository/Page_CURA Healthcare Service/td_29' is clicked on

11-04-2024T16:11:14 - [TEST_STEP][PASSED] - setText(findTestObject("Object Repository/Page_CURA Healthcare Service/textarea_Comment_comment"), "rdv"): Text 'rdv' is set on object 'Object Repository/Page_CURA Healthcare Service/textarea_Comment_comment'

11-04-2024T16:11:15 - [MESSAGE][PASSED] - Text 'rdv' is set on object 'Object Repository/Page_CURA Healthcare Service/textarea_Comment_comment'

11-04-2024T16:11:15 - [TEST_STEP][PASSED] - click(findTestObject("Object Repository/Page_CURA Healthcare Service/button_Book Appointment")): Object: 'Object Repository/Page_CURA Healthcare Service/button_Book Appointment' is clicked on

11-04-2024T16:11:15 - [MESSAGE][PASSED] - Object: 'Object Repository/Page_CURA Healthcare Service/button_Book Appointment' is clicked on

11-04-2024T16:11:15 - [TEST_STEP][PASSED] - click(findTestObject("Object Repository/Page_CURA Healthcare Service/p_rdv")): Object: 'Object Repository/Page_CURA Healthcare Service/p_rdv' is clicked on

11-04-2024T16:11:16 - [MESSAGE][PASSED] - Object: 'Object Repository/Page_CURA Healthcare Service/p_rdv' is clicked on

11-04-2024T16:11:16 - [TEST_STEP][PASSED] - verifyElementVisible(findTestObject("Object Repository/Page_CURA Healthcare Service/p_Medicare")): Object 'Object Repository/Page_CURA Healthcare Service/p_Medicare' is visible

11-04-2024T16:11:16 - [MESSAGE][PASSED] - Object 'Object Repository/Page_CURA Healthcare Service/p_Medicare' is visible

11-04-2024T16:11:16 - [TEST_STEP][PASSED] - closeBrowser(): Browser is closed

11-04-2024T16:11:17 - [MESSAGE][PASSED] - Browser is closed]]></system-out>
         <system-err><![CDATA[]]></system-err>
      </testcase>
      <testcase name="Test Cases/Loop" time="17.409" classname="Test Cases/Loop" status="PASSED">
         <system-out><![CDATA[11-04-2024T16:11:17 - [TEST_CASE][PASSED] - Test Cases/Loop: Test Cases/Loop

11-04-2024T16:11:17 - [TEST_STEP][PASSED] - example.MyKeyWords.AppLogin(): example.MyKeyWords.AppLogin is PASSED

11-04-2024T16:11:17 - [MESSAGE][INFO] - Starting 'Chrome' driver

11-04-2024T16:11:17 - [MESSAGE][INFO] - Action delay is set to 0 milliseconds

11-04-2024T16:11:19 - [MESSAGE][PASSED] - Browser is opened with url: ''

11-04-2024T16:11:20 - [MESSAGE][PASSED] - Navigate to 'https://katalon-demo-cura.herokuapp.com/' successfully

11-04-2024T16:11:20 - [MESSAGE][PASSED] - Object: 'Object Repository/Page_CURA Healthcare Service/a_Make Appointment' is clicked on

11-04-2024T16:11:21 - [MESSAGE][PASSED] - Text 'John Doe' is set on object 'Object Repository/Page_CURA Healthcare Service/input_Username_username'

11-04-2024T16:11:22 - [MESSAGE][PASSED] - Text ****** has been set on object 'Object Repository/Page_CURA Healthcare Service/input_Password_password'

11-04-2024T16:11:22 - [MESSAGE][PASSED] - Object: 'Object Repository/Page_CURA Healthcare Service/button_Login' is clicked on

11-04-2024T16:11:22 - [MESSAGE][PASSED] - example.MyKeyWords.AppLogin is PASSED

11-04-2024T16:11:22 - [TEST_STEP][PASSED] - for (def n : (0..2)): Object: 'Object Repository/Page_CURA Healthcare Service/p_Go to Homepage' is clicked on

11-04-2024T16:11:22 - [TEST_STEP][PASSED] - if (n == 0): Object: 'Object Repository/Page_CURA Healthcare Service/label_Medicaid' is clicked on

11-04-2024T16:11:22 - [TEST_STEP][PASSED] - click(findTestObject("Page_CURA Healthcare Service/label_Medicaid")): Object: 'Object Repository/Page_CURA Healthcare Service/label_Medicaid' is clicked on

11-04-2024T16:11:22 - [MESSAGE][PASSED] - Object: 'Object Repository/Page_CURA Healthcare Service/label_Medicaid' is clicked on

11-04-2024T16:11:22 - [TEST_STEP][PASSED] - click(findTestObject("Object Repository/Page_CURA Healthcare Service/div_Visit Date (Required)_input-group-addon")): Object: 'Object Repository/Page_CURA Healthcare Service/div_Visit Date (Required)_input-group-addon' is clicked on

11-04-2024T16:11:23 - [MESSAGE][PASSED] - Object: 'Object Repository/Page_CURA Healthcare Service/div_Visit Date (Required)_input-group-addon' is clicked on

11-04-2024T16:11:23 - [TEST_STEP][PASSED] - click(findTestObject("Object Repository/Page_CURA Healthcare Service/td_29")): Object: 'Object Repository/Page_CURA Healthcare Service/td_29' is clicked on

11-04-2024T16:11:23 - [MESSAGE][PASSED] - Object: 'Object Repository/Page_CURA Healthcare Service/td_29' is clicked on

11-04-2024T16:11:23 - [TEST_STEP][PASSED] - setText(findTestObject("Object Repository/Page_CURA Healthcare Service/textarea_Comment_comment"), "rdv"): Text 'rdv' is set on object 'Object Repository/Page_CURA Healthcare Service/textarea_Comment_comment'

11-04-2024T16:11:24 - [MESSAGE][PASSED] - Text 'rdv' is set on object 'Object Repository/Page_CURA Healthcare Service/textarea_Comment_comment'

11-04-2024T16:11:24 - [TEST_STEP][PASSED] - click(findTestObject("Object Repository/Page_CURA Healthcare Service/button_Book Appointment")): Object: 'Object Repository/Page_CURA Healthcare Service/button_Book Appointment' is clicked on

11-04-2024T16:11:25 - [MESSAGE][PASSED] - Object: 'Object Repository/Page_CURA Healthcare Service/button_Book Appointment' is clicked on

11-04-2024T16:11:25 - [TEST_STEP][PASSED] - click(findTestObject("Object Repository/Page_CURA Healthcare Service/p_rdv")): Object: 'Object Repository/Page_CURA Healthcare Service/p_rdv' is clicked on

11-04-2024T16:11:25 - [MESSAGE][PASSED] - Object: 'Object Repository/Page_CURA Healthcare Service/p_rdv' is clicked on

11-04-2024T16:11:25 - [TEST_STEP][PASSED] - verifyElementVisible(findTestObject("Object Repository/Page_CURA Healthcare Service/p_Medicare")): Object 'Object Repository/Page_CURA Healthcare Service/p_Medicare' is visible

11-04-2024T16:11:25 - [MESSAGE][PASSED] - Object 'Object Repository/Page_CURA Healthcare Service/p_Medicare' is visible

11-04-2024T16:11:25 - [TEST_STEP][PASSED] - click(findTestObject("Page_CURA Healthcare Service/p_Go to Homepage")): Object: 'Object Repository/Page_CURA Healthcare Service/p_Go to Homepage' is clicked on

11-04-2024T16:11:26 - [MESSAGE][PASSED] - Object: 'Object Repository/Page_CURA Healthcare Service/p_Go to Homepage' is clicked on

11-04-2024T16:11:26 - [TEST_STEP][PASSED] - if (n == 0): null

11-04-2024T16:11:26 - [TEST_STEP][PASSED] - else if (n == 1): Object: 'Object Repository/Page_CURA Healthcare Service/label_Medicare' is clicked on

11-04-2024T16:11:26 - [TEST_STEP][PASSED] - click(findTestObject("Page_CURA Healthcare Service/label_Medicare")): Object: 'Object Repository/Page_CURA Healthcare Service/label_Medicare' is clicked on

11-04-2024T16:11:26 - [MESSAGE][PASSED] - Object: 'Object Repository/Page_CURA Healthcare Service/label_Medicare' is clicked on

11-04-2024T16:11:26 - [TEST_STEP][PASSED] - click(findTestObject("Object Repository/Page_CURA Healthcare Service/div_Visit Date (Required)_input-group-addon")): Object: 'Object Repository/Page_CURA Healthcare Service/div_Visit Date (Required)_input-group-addon' is clicked on

11-04-2024T16:11:26 - [MESSAGE][PASSED] - Object: 'Object Repository/Page_CURA Healthcare Service/div_Visit Date (Required)_input-group-addon' is clicked on

11-04-2024T16:11:26 - [TEST_STEP][PASSED] - click(findTestObject("Object Repository/Page_CURA Healthcare Service/td_29")): Object: 'Object Repository/Page_CURA Healthcare Service/td_29' is clicked on

11-04-2024T16:11:27 - [MESSAGE][PASSED] - Object: 'Object Repository/Page_CURA Healthcare Service/td_29' is clicked on

11-04-2024T16:11:27 - [TEST_STEP][PASSED] - setText(findTestObject("Object Repository/Page_CURA Healthcare Service/textarea_Comment_comment"), "rdv"): Text 'rdv' is set on object 'Object Repository/Page_CURA Healthcare Service/textarea_Comment_comment'

11-04-2024T16:11:28 - [MESSAGE][PASSED] - Text 'rdv' is set on object 'Object Repository/Page_CURA Healthcare Service/textarea_Comment_comment'

11-04-2024T16:11:28 - [TEST_STEP][PASSED] - click(findTestObject("Object Repository/Page_CURA Healthcare Service/button_Book Appointment")): Object: 'Object Repository/Page_CURA Healthcare Service/button_Book Appointment' is clicked on

11-04-2024T16:11:28 - [MESSAGE][PASSED] - Object: 'Object Repository/Page_CURA Healthcare Service/button_Book Appointment' is clicked on

11-04-2024T16:11:28 - [TEST_STEP][PASSED] - click(findTestObject("Object Repository/Page_CURA Healthcare Service/p_rdv")): Object: 'Object Repository/Page_CURA Healthcare Service/p_rdv' is clicked on

11-04-2024T16:11:29 - [MESSAGE][PASSED] - Object: 'Object Repository/Page_CURA Healthcare Service/p_rdv' is clicked on

11-04-2024T16:11:29 - [TEST_STEP][PASSED] - verifyElementVisible(findTestObject("Object Repository/Page_CURA Healthcare Service/p_Medicare")): Object 'Object Repository/Page_CURA Healthcare Service/p_Medicare' is visible

11-04-2024T16:11:29 - [MESSAGE][PASSED] - Object 'Object Repository/Page_CURA Healthcare Service/p_Medicare' is visible

11-04-2024T16:11:29 - [TEST_STEP][PASSED] - click(findTestObject("Page_CURA Healthcare Service/p_Go to Homepage")): Object: 'Object Repository/Page_CURA Healthcare Service/p_Go to Homepage' is clicked on

11-04-2024T16:11:30 - [MESSAGE][PASSED] - Object: 'Object Repository/Page_CURA Healthcare Service/p_Go to Homepage' is clicked on

11-04-2024T16:11:30 - [TEST_STEP][PASSED] - if (n == 0): null

11-04-2024T16:11:30 - [TEST_STEP][PASSED] - else if (n == 1): null

11-04-2024T16:11:30 - [TEST_STEP][PASSED] - else: Object: 'Object Repository/Page_CURA Healthcare Service/label_None' is clicked on

11-04-2024T16:11:30 - [TEST_STEP][PASSED] - click(findTestObject("Page_CURA Healthcare Service/label_None")): Object: 'Object Repository/Page_CURA Healthcare Service/label_None' is clicked on

11-04-2024T16:11:30 - [MESSAGE][PASSED] - Object: 'Object Repository/Page_CURA Healthcare Service/label_None' is clicked on

11-04-2024T16:11:30 - [TEST_STEP][PASSED] - click(findTestObject("Object Repository/Page_CURA Healthcare Service/div_Visit Date (Required)_input-group-addon")): Object: 'Object Repository/Page_CURA Healthcare Service/div_Visit Date (Required)_input-group-addon' is clicked on

11-04-2024T16:11:30 - [MESSAGE][PASSED] - Object: 'Object Repository/Page_CURA Healthcare Service/div_Visit Date (Required)_input-group-addon' is clicked on

11-04-2024T16:11:30 - [TEST_STEP][PASSED] - click(findTestObject("Object Repository/Page_CURA Healthcare Service/td_29")): Object: 'Object Repository/Page_CURA Healthcare Service/td_29' is clicked on

11-04-2024T16:11:31 - [MESSAGE][PASSED] - Object: 'Object Repository/Page_CURA Healthcare Service/td_29' is clicked on

11-04-2024T16:11:31 - [TEST_STEP][PASSED] - setText(findTestObject("Object Repository/Page_CURA Healthcare Service/textarea_Comment_comment"), "rdv"): Text 'rdv' is set on object 'Object Repository/Page_CURA Healthcare Service/textarea_Comment_comment'

11-04-2024T16:11:32 - [MESSAGE][PASSED] - Text 'rdv' is set on object 'Object Repository/Page_CURA Healthcare Service/textarea_Comment_comment'

11-04-2024T16:11:32 - [TEST_STEP][PASSED] - click(findTestObject("Object Repository/Page_CURA Healthcare Service/button_Book Appointment")): Object: 'Object Repository/Page_CURA Healthcare Service/button_Book Appointment' is clicked on

11-04-2024T16:11:32 - [MESSAGE][PASSED] - Object: 'Object Repository/Page_CURA Healthcare Service/button_Book Appointment' is clicked on

11-04-2024T16:11:32 - [TEST_STEP][PASSED] - click(findTestObject("Object Repository/Page_CURA Healthcare Service/p_rdv")): Object: 'Object Repository/Page_CURA Healthcare Service/p_rdv' is clicked on

11-04-2024T16:11:33 - [MESSAGE][PASSED] - Object: 'Object Repository/Page_CURA Healthcare Service/p_rdv' is clicked on

11-04-2024T16:11:33 - [TEST_STEP][PASSED] - verifyElementVisible(findTestObject("Object Repository/Page_CURA Healthcare Service/p_Medicare")): Object 'Object Repository/Page_CURA Healthcare Service/p_Medicare' is visible

11-04-2024T16:11:33 - [MESSAGE][PASSED] - Object 'Object Repository/Page_CURA Healthcare Service/p_Medicare' is visible

11-04-2024T16:11:33 - [TEST_STEP][PASSED] - click(findTestObject("Page_CURA Healthcare Service/p_Go to Homepage")): Object: 'Object Repository/Page_CURA Healthcare Service/p_Go to Homepage' is clicked on

11-04-2024T16:11:34 - [MESSAGE][PASSED] - Object: 'Object Repository/Page_CURA Healthcare Service/p_Go to Homepage' is clicked on

11-04-2024T16:11:34 - [TEST_STEP][PASSED] - closeBrowser(): Browser is closed

11-04-2024T16:11:34 - [MESSAGE][PASSED] - Browser is closed]]></system-out>
         <system-err><![CDATA[]]></system-err>
      </testcase>
      <system-out><![CDATA[11-04-2024T16:11:02 - [TEST_SUITE][PASSED] - MakeAnAppointment: Test Cases/Loop]]></system-out>
      <system-err><![CDATA[]]></system-err>
   </testsuite>
</testsuites>
